-------------------------------------------------------------------------------
Test set: guru.springframework.spring5webapp.Spring5webappApplicationTests
-------------------------------------------------------------------------------
Tests run: 1, Failures: 0, Errors: 1, Skipped: 0, Time elapsed: 2.325 s <<< FAILURE! - in guru.springframework.spring5webapp.Spring5webappApplicationTests
contextLoads  Time elapsed: 0.001 s  <<< ERROR!
java.lang.IllegalStateException: Failed to load ApplicationContext
Caused by: org.springframework.beans.factory.BeanCreationException: Error creating bean with name 'entityManagerFactory' defined in class path resource [org/springframework/boot/autoconfigure/orm/jpa/HibernateJpaConfiguration.class]: Invocation of init method failed; nested exception is javax.persistence.PersistenceException: [PersistenceUnit: default] Unable to build Hibernate SessionFactory; nested exception is org.hibernate.MappingException: Could not determine type for: guru.springframework.spring5webapp.model.Publisher, at table: book, for columns: [org.hibernate.mapping.Column(publisher)]
Caused by: javax.persistence.PersistenceException: [PersistenceUnit: default] Unable to build Hibernate SessionFactory; nested exception is org.hibernate.MappingException: Could not determine type for: guru.springframework.spring5webapp.model.Publisher, at table: book, for columns: [org.hibernate.mapping.Column(publisher)]
Caused by: org.hibernate.MappingException: Could not determine type for: guru.springframework.spring5webapp.model.Publisher, at table: book, for columns: [org.hibernate.mapping.Column(publisher)]

